<?xml version="1.0" encoding="UTF-8"?>
<!-- Generated by org.testng.reporters.JUnitXMLReporter -->
<testsuite ignored="0" hostname="Windows11" failures="0" tests="4" name="Test" time="0.035" errors="0" timestamp="2024-03-11T22:23:02 IST">
  <testcase classname="mavenCommand.A2Test" name="atest" time="0.005"/>
  <testcase classname="mavenCommand.A2Test" name="btest" time="0.0"/>
  <testcase classname="mavenCommand.ATest" name="atest" time="0.001"/>
  <testcase classname="mavenCommand.ATest" name="btest" time="0.0"/>
</testsuite> <!-- Test -->
