<?xml version="1.0" encoding="UTF-8"?>
<testng-results ignored="0" total="1" passed="1" failed="0" skipped="0">
  <reporter-output>
  </reporter-output>
  <suite started-at="2024-03-12T23:21:39 IST" name="Default suite" finished-at="2024-03-12T23:25:36 IST" duration-ms="237128">
    <groups>
    </groups>
    <test started-at="2024-03-12T23:21:39 IST" name="Default test" finished-at="2024-03-12T23:25:36 IST" duration-ms="237128">
      <class name="mavenCommand.CoronaWorldometer">
        <test-method signature="emi()[pri:0, instance:mavenCommand.CoronaWorldometer@957e06]" started-at="2024-03-12T23:21:39 IST" name="emi" finished-at="2024-03-12T23:25:36 IST" duration-ms="237107" status="PASS">
          <reporter-output>
          </reporter-output>
        </test-method> <!-- emi -->
      </class> <!-- mavenCommand.CoronaWorldometer -->
    </test> <!-- Default test -->
  </suite> <!-- Default suite -->
</testng-results>
