<?xml version="1.0" encoding="UTF-8"?>
<testng-results ignored="0" total="4" passed="4" failed="0" skipped="0">
  <reporter-output>
  </reporter-output>
  <suite started-at="2024-03-11T22:23:02 IST" name="Suite" finished-at="2024-03-11T22:23:02 IST" duration-ms="35">
    <groups>
    </groups>
    <test started-at="2024-03-11T22:23:02 IST" name="Test" finished-at="2024-03-11T22:23:02 IST" duration-ms="35">
      <class name="mavenCommand.ATest">
        <test-method signature="atest()[pri:0, instance:mavenCommand.ATest@27f981c6]" started-at="2024-03-11T22:23:02 IST" name="atest" finished-at="2024-03-11T22:23:02 IST" duration-ms="1" status="PASS">
          <reporter-output>
          </reporter-output>
        </test-method> <!-- atest -->
        <test-method signature="btest()[pri:0, instance:mavenCommand.ATest@27f981c6]" started-at="2024-03-11T22:23:02 IST" name="btest" finished-at="2024-03-11T22:23:02 IST" duration-ms="0" status="PASS">
          <reporter-output>
          </reporter-output>
        </test-method> <!-- btest -->
      </class> <!-- mavenCommand.ATest -->
      <class name="mavenCommand.A2Test">
        <test-method signature="atest()[pri:0, instance:mavenCommand.A2Test@6404f418]" started-at="2024-03-11T22:23:02 IST" name="atest" finished-at="2024-03-11T22:23:02 IST" duration-ms="5" status="PASS">
          <reporter-output>
          </reporter-output>
        </test-method> <!-- atest -->
        <test-method signature="btest()[pri:0, instance:mavenCommand.A2Test@6404f418]" started-at="2024-03-11T22:23:02 IST" name="btest" finished-at="2024-03-11T22:23:02 IST" duration-ms="0" status="PASS">
          <reporter-output>
          </reporter-output>
        </test-method> <!-- btest -->
      </class> <!-- mavenCommand.A2Test -->
    </test> <!-- Test -->
  </suite> <!-- Suite -->
</testng-results>
